/*C14*/SET SCHEMA PUBLIC
DISCONNECT
/*C2*/SET SCHEMA PUBLIC
DELETE FROM TASKS_AUX_WORKERS WHERE ID=0 AND RANGES='0, 1000' AND HEALTH_CHECK='2023-01-10 17:05:36.700000' AND EXCLUSIVE_MODE=0 AND NODE_GROUPS='' AND IS_ACTIVE=1
INSERT INTO TASKS_AUX_WORKERS VALUES(0,'0, 1000','2023-01-10 17:07:48.929000',0,'',1)
COMMIT
DELETE FROM TASKS_AUX_WORKERS WHERE ID=0 AND RANGES='0, 1000' AND HEALTH_CHECK='2023-01-10 17:07:48.929000' AND EXCLUSIVE_MODE=0 AND NODE_GROUPS='' AND IS_ACTIVE=1
INSERT INTO TASKS_AUX_WORKERS VALUES(0,'0, 1000','2023-01-10 17:07:59.063000',0,'',1)
COMMIT
DELETE FROM TASKS_AUX_SCHEDULER WHERE ID='scheduler' AND LAST_ACTIVITY_TS='2023-01-10 17:05:36.701' AND VERSION=4
INSERT INTO TASKS_AUX_SCHEDULER VALUES('scheduler','2023-01-10 17:07:59.071',4)
COMMIT
DELETE FROM TASKS_AUX_WORKERS WHERE ID=0 AND RANGES='0, 1000' AND HEALTH_CHECK='2023-01-10 17:07:59.063000' AND EXCLUSIVE_MODE=0 AND NODE_GROUPS='' AND IS_ACTIVE=1
INSERT INTO TASKS_AUX_WORKERS VALUES(0,'0, 1000','2023-01-10 17:07:59.063000',0,'',1)
COMMIT
/*C26*/SET SCHEMA PUBLIC
DELETE FROM TASKS_AUX_WORKERS WHERE ID=0 AND RANGES='0, 1000' AND HEALTH_CHECK='2023-01-10 17:07:59.063000' AND EXCLUSIVE_MODE=0 AND NODE_GROUPS='' AND IS_ACTIVE=1
INSERT INTO TASKS_AUX_WORKERS VALUES(0,'0, 1000','2023-01-10 17:08:09.174000',0,'',1)
COMMIT
DELETE FROM TASKS_AUX_SCHEDULER WHERE ID='scheduler' AND LAST_ACTIVITY_TS='2023-01-10 17:07:59.071' AND VERSION=4
INSERT INTO TASKS_AUX_SCHEDULER VALUES('scheduler','2023-01-10 17:08:09.176',4)
COMMIT
DELETE FROM TASKS_AUX_WORKERS WHERE ID=0 AND RANGES='0, 1000' AND HEALTH_CHECK='2023-01-10 17:08:09.174000' AND EXCLUSIVE_MODE=0 AND NODE_GROUPS='' AND IS_ACTIVE=1
INSERT INTO TASKS_AUX_WORKERS VALUES(0,'0, 1000','2023-01-10 17:08:09.174000',0,'',1)
COMMIT
/*C2*/DELETE FROM TASKS_AUX_WORKERS WHERE ID=0 AND RANGES='0, 1000' AND HEALTH_CHECK='2023-01-10 17:08:09.174000' AND EXCLUSIVE_MODE=0 AND NODE_GROUPS='' AND IS_ACTIVE=1
INSERT INTO TASKS_AUX_WORKERS VALUES(0,'0, 1000','2023-01-10 17:08:19.191000',0,'',1)
COMMIT
DELETE FROM TASKS_AUX_SCHEDULER WHERE ID='scheduler' AND LAST_ACTIVITY_TS='2023-01-10 17:08:09.176' AND VERSION=4
INSERT INTO TASKS_AUX_SCHEDULER VALUES('scheduler','2023-01-10 17:08:19.193',4)
COMMIT
DELETE FROM TASKS_AUX_WORKERS WHERE ID=0 AND RANGES='0, 1000' AND HEALTH_CHECK='2023-01-10 17:08:19.191000' AND EXCLUSIVE_MODE=0 AND NODE_GROUPS='' AND IS_ACTIVE=1
INSERT INTO TASKS_AUX_WORKERS VALUES(0,'0, 1000','2023-01-10 17:08:19.191000',0,'',1)
COMMIT
DELETE FROM TASKS_AUX_WORKERS WHERE ID=0 AND RANGES='0, 1000' AND HEALTH_CHECK='2023-01-10 17:08:19.191000' AND EXCLUSIVE_MODE=0 AND NODE_GROUPS='' AND IS_ACTIVE=1
INSERT INTO TASKS_AUX_WORKERS VALUES(0,'0, 1000','2023-01-10 17:08:29.205000',0,'',1)
COMMIT
DELETE FROM TASKS_AUX_SCHEDULER WHERE ID='scheduler' AND LAST_ACTIVITY_TS='2023-01-10 17:08:19.193' AND VERSION=4
INSERT INTO TASKS_AUX_SCHEDULER VALUES('scheduler','2023-01-10 17:08:29.207',4)
COMMIT
DELETE FROM TASKS_AUX_WORKERS WHERE ID=0 AND RANGES='0, 1000' AND HEALTH_CHECK='2023-01-10 17:08:29.205000' AND EXCLUSIVE_MODE=0 AND NODE_GROUPS='' AND IS_ACTIVE=1
INSERT INTO TASKS_AUX_WORKERS VALUES(0,'0, 1000','2023-01-10 17:08:29.205000',0,'',1)
COMMIT
DELETE FROM TASKS_AUX_WORKERS WHERE ID=0 AND RANGES='0, 1000' AND HEALTH_CHECK='2023-01-10 17:08:29.205000' AND EXCLUSIVE_MODE=0 AND NODE_GROUPS='' AND IS_ACTIVE=1
INSERT INTO TASKS_AUX_WORKERS VALUES(0,'0, 1000','2023-01-10 17:08:39.221000',0,'',1)
COMMIT
DELETE FROM TASKS_AUX_SCHEDULER WHERE ID='scheduler' AND LAST_ACTIVITY_TS='2023-01-10 17:08:29.207' AND VERSION=4
INSERT INTO TASKS_AUX_SCHEDULER VALUES('scheduler','2023-01-10 17:08:39.222',4)
COMMIT
DELETE FROM TASKS_AUX_WORKERS WHERE ID=0 AND RANGES='0, 1000' AND HEALTH_CHECK='2023-01-10 17:08:39.221000' AND EXCLUSIVE_MODE=0 AND NODE_GROUPS='' AND IS_ACTIVE=1
INSERT INTO TASKS_AUX_WORKERS VALUES(0,'0, 1000','2023-01-10 17:08:39.221000',0,'',1)
COMMIT
DELETE FROM TASKS_AUX_WORKERS WHERE ID=0 AND RANGES='0, 1000' AND HEALTH_CHECK='2023-01-10 17:08:39.221000' AND EXCLUSIVE_MODE=0 AND NODE_GROUPS='' AND IS_ACTIVE=1
INSERT INTO TASKS_AUX_WORKERS VALUES(0,'0, 1000','2023-01-10 17:08:49.232000',0,'',1)
COMMIT
DELETE FROM TASKS_AUX_SCHEDULER WHERE ID='scheduler' AND LAST_ACTIVITY_TS='2023-01-10 17:08:39.222' AND VERSION=4
INSERT INTO TASKS_AUX_SCHEDULER VALUES('scheduler','2023-01-10 17:08:49.234',4)
COMMIT
DELETE FROM TASKS_AUX_WORKERS WHERE ID=0 AND RANGES='0, 1000' AND HEALTH_CHECK='2023-01-10 17:08:49.232000' AND EXCLUSIVE_MODE=0 AND NODE_GROUPS='' AND IS_ACTIVE=1
INSERT INTO TASKS_AUX_WORKERS VALUES(0,'0, 1000','2023-01-10 17:08:49.232000',0,'',1)
COMMIT
DELETE FROM TASKS_AUX_WORKERS WHERE ID=0 AND RANGES='0, 1000' AND HEALTH_CHECK='2023-01-10 17:08:49.232000' AND EXCLUSIVE_MODE=0 AND NODE_GROUPS='' AND IS_ACTIVE=1
INSERT INTO TASKS_AUX_WORKERS VALUES(0,'0, 1000','2023-01-10 17:08:59.240000',0,'',1)
COMMIT
DELETE FROM TASKS_AUX_SCHEDULER WHERE ID='scheduler' AND LAST_ACTIVITY_TS='2023-01-10 17:08:49.234' AND VERSION=4
INSERT INTO TASKS_AUX_SCHEDULER VALUES('scheduler','2023-01-10 17:08:59.241',4)
COMMIT
DELETE FROM TASKS_AUX_WORKERS WHERE ID=0 AND RANGES='0, 1000' AND HEALTH_CHECK='2023-01-10 17:08:59.240000' AND EXCLUSIVE_MODE=0 AND NODE_GROUPS='' AND IS_ACTIVE=1
INSERT INTO TASKS_AUX_WORKERS VALUES(0,'0, 1000','2023-01-10 17:08:59.240000',0,'',1)
COMMIT
DELETE FROM TASKS_AUX_WORKERS WHERE ID=0 AND RANGES='0, 1000' AND HEALTH_CHECK='2023-01-10 17:08:59.240000' AND EXCLUSIVE_MODE=0 AND NODE_GROUPS='' AND IS_ACTIVE=1
INSERT INTO TASKS_AUX_WORKERS VALUES(0,'0, 1000','2023-01-10 17:09:09.250000',0,'',1)
COMMIT
DELETE FROM TASKS_AUX_SCHEDULER WHERE ID='scheduler' AND LAST_ACTIVITY_TS='2023-01-10 17:08:59.241' AND VERSION=4
INSERT INTO TASKS_AUX_SCHEDULER VALUES('scheduler','2023-01-10 17:09:09.252',4)
COMMIT
DELETE FROM TASKS_AUX_WORKERS WHERE ID=0 AND RANGES='0, 1000' AND HEALTH_CHECK='2023-01-10 17:09:09.250000' AND EXCLUSIVE_MODE=0 AND NODE_GROUPS='' AND IS_ACTIVE=1
INSERT INTO TASKS_AUX_WORKERS VALUES(0,'0, 1000','2023-01-10 17:09:09.250000',0,'',1)
COMMIT
/*C24*/SET SCHEMA PUBLIC
DELETE FROM TASKS_AUX_WORKERS WHERE ID=0 AND RANGES='0, 1000' AND HEALTH_CHECK='2023-01-10 17:09:09.250000' AND EXCLUSIVE_MODE=0 AND NODE_GROUPS='' AND IS_ACTIVE=1
INSERT INTO TASKS_AUX_WORKERS VALUES(0,'0, 1000','2023-01-10 17:09:19.264000',0,'',1)
COMMIT
DELETE FROM TASKS_AUX_SCHEDULER WHERE ID='scheduler' AND LAST_ACTIVITY_TS='2023-01-10 17:09:09.252' AND VERSION=4
INSERT INTO TASKS_AUX_SCHEDULER VALUES('scheduler','2023-01-10 17:09:19.265',4)
COMMIT
DELETE FROM TASKS_AUX_WORKERS WHERE ID=0 AND RANGES='0, 1000' AND HEALTH_CHECK='2023-01-10 17:09:19.264000' AND EXCLUSIVE_MODE=0 AND NODE_GROUPS='' AND IS_ACTIVE=1
INSERT INTO TASKS_AUX_WORKERS VALUES(0,'0, 1000','2023-01-10 17:09:19.264000',0,'',1)
COMMIT
/*C4*/SET SCHEMA PUBLIC
DELETE FROM TASKS_AUX_WORKERS WHERE ID=0 AND RANGES='0, 1000' AND HEALTH_CHECK='2023-01-10 17:09:19.264000' AND EXCLUSIVE_MODE=0 AND NODE_GROUPS='' AND IS_ACTIVE=1
INSERT INTO TASKS_AUX_WORKERS VALUES(0,'0, 1000','2023-01-10 17:09:29.273000',0,'',1)
COMMIT
DELETE FROM TASKS_AUX_SCHEDULER WHERE ID='scheduler' AND LAST_ACTIVITY_TS='2023-01-10 17:09:19.265' AND VERSION=4
INSERT INTO TASKS_AUX_SCHEDULER VALUES('scheduler','2023-01-10 17:09:29.274',4)
COMMIT
DELETE FROM TASKS_AUX_WORKERS WHERE ID=0 AND RANGES='0, 1000' AND HEALTH_CHECK='2023-01-10 17:09:29.273000' AND EXCLUSIVE_MODE=0 AND NODE_GROUPS='' AND IS_ACTIVE=1
INSERT INTO TASKS_AUX_WORKERS VALUES(0,'0, 1000','2023-01-10 17:09:29.273000',0,'',1)
COMMIT
/*C24*/DELETE FROM TASKS_AUX_WORKERS WHERE ID=0 AND RANGES='0, 1000' AND HEALTH_CHECK='2023-01-10 17:09:29.273000' AND EXCLUSIVE_MODE=0 AND NODE_GROUPS='' AND IS_ACTIVE=1
INSERT INTO TASKS_AUX_WORKERS VALUES(0,'0, 1000','2023-01-10 17:09:39.281000',0,'',1)
COMMIT
DELETE FROM TASKS_AUX_SCHEDULER WHERE ID='scheduler' AND LAST_ACTIVITY_TS='2023-01-10 17:09:29.274' AND VERSION=4
INSERT INTO TASKS_AUX_SCHEDULER VALUES('scheduler','2023-01-10 17:09:39.283',4)
COMMIT
DELETE FROM TASKS_AUX_WORKERS WHERE ID=0 AND RANGES='0, 1000' AND HEALTH_CHECK='2023-01-10 17:09:39.281000' AND EXCLUSIVE_MODE=0 AND NODE_GROUPS='' AND IS_ACTIVE=1
INSERT INTO TASKS_AUX_WORKERS VALUES(0,'0, 1000','2023-01-10 17:09:39.281000',0,'',1)
COMMIT
/*C4*/DELETE FROM TASKS_AUX_WORKERS WHERE ID=0 AND RANGES='0, 1000' AND HEALTH_CHECK='2023-01-10 17:09:39.281000' AND EXCLUSIVE_MODE=0 AND NODE_GROUPS='' AND IS_ACTIVE=1
INSERT INTO TASKS_AUX_WORKERS VALUES(0,'0, 1000','2023-01-10 17:09:49.290000',0,'',1)
COMMIT
DELETE FROM TASKS_AUX_SCHEDULER WHERE ID='scheduler' AND LAST_ACTIVITY_TS='2023-01-10 17:09:39.283' AND VERSION=4
INSERT INTO TASKS_AUX_SCHEDULER VALUES('scheduler','2023-01-10 17:09:49.292',4)
COMMIT
DELETE FROM TASKS_AUX_WORKERS WHERE ID=0 AND RANGES='0, 1000' AND HEALTH_CHECK='2023-01-10 17:09:49.290000' AND EXCLUSIVE_MODE=0 AND NODE_GROUPS='' AND IS_ACTIVE=1
INSERT INTO TASKS_AUX_WORKERS VALUES(0,'0, 1000','2023-01-10 17:09:49.290000',0,'',1)
COMMIT
/*C2*/DELETE FROM TASKS_AUX_WORKERS WHERE ID=0 AND RANGES='0, 1000' AND HEALTH_CHECK='2023-01-10 17:09:49.290000' AND EXCLUSIVE_MODE=0 AND NODE_GROUPS='' AND IS_ACTIVE=1
INSERT INTO TASKS_AUX_WORKERS VALUES(0,'0, 1000','2023-01-10 17:09:59.302000',0,'',1)
COMMIT
DELETE FROM TASKS_AUX_SCHEDULER WHERE ID='scheduler' AND LAST_ACTIVITY_TS='2023-01-10 17:09:49.292' AND VERSION=4
INSERT INTO TASKS_AUX_SCHEDULER VALUES('scheduler','2023-01-10 17:09:59.304',4)
COMMIT
DELETE FROM TASKS_AUX_WORKERS WHERE ID=0 AND RANGES='0, 1000' AND HEALTH_CHECK='2023-01-10 17:09:59.302000' AND EXCLUSIVE_MODE=0 AND NODE_GROUPS='' AND IS_ACTIVE=1
INSERT INTO TASKS_AUX_WORKERS VALUES(0,'0, 1000','2023-01-10 17:09:59.302000',0,'',1)
COMMIT
/*C26*/DELETE FROM TASKS_AUX_WORKERS WHERE ID=0 AND RANGES='0, 1000' AND HEALTH_CHECK='2023-01-10 17:09:59.302000' AND EXCLUSIVE_MODE=0 AND NODE_GROUPS='' AND IS_ACTIVE=1
INSERT INTO TASKS_AUX_WORKERS VALUES(0,'0, 1000','2023-01-10 17:10:09.315000',0,'',1)
COMMIT
DELETE FROM TASKS_AUX_SCHEDULER WHERE ID='scheduler' AND LAST_ACTIVITY_TS='2023-01-10 17:09:59.304' AND VERSION=4
INSERT INTO TASKS_AUX_SCHEDULER VALUES('scheduler','2023-01-10 17:10:09.316',4)
COMMIT
DELETE FROM TASKS_AUX_WORKERS WHERE ID=0 AND RANGES='0, 1000' AND HEALTH_CHECK='2023-01-10 17:10:09.315000' AND EXCLUSIVE_MODE=0 AND NODE_GROUPS='' AND IS_ACTIVE=1
INSERT INTO TASKS_AUX_WORKERS VALUES(0,'0, 1000','2023-01-10 17:10:09.315000',0,'',1)
COMMIT
/*C24*/DELETE FROM TASKS_AUX_WORKERS WHERE ID=0 AND RANGES='0, 1000' AND HEALTH_CHECK='2023-01-10 17:10:09.315000' AND EXCLUSIVE_MODE=0 AND NODE_GROUPS='' AND IS_ACTIVE=1
INSERT INTO TASKS_AUX_WORKERS VALUES(0,'0, 1000','2023-01-10 17:10:29.327000',0,'',1)
COMMIT
DELETE FROM TASKS_AUX_SCHEDULER WHERE ID='scheduler' AND LAST_ACTIVITY_TS='2023-01-10 17:10:09.316' AND VERSION=4
INSERT INTO TASKS_AUX_SCHEDULER VALUES('scheduler','2023-01-10 17:10:29.329',4)
COMMIT
DELETE FROM TASKS_AUX_WORKERS WHERE ID=0 AND RANGES='0, 1000' AND HEALTH_CHECK='2023-01-10 17:10:29.327000' AND EXCLUSIVE_MODE=0 AND NODE_GROUPS='' AND IS_ACTIVE=1
INSERT INTO TASKS_AUX_WORKERS VALUES(0,'0, 1000','2023-01-10 17:10:29.327000',0,'',1)
COMMIT
/*C26*/DELETE FROM TASKS_AUX_WORKERS WHERE ID=0 AND RANGES='0, 1000' AND HEALTH_CHECK='2023-01-10 17:10:29.327000' AND EXCLUSIVE_MODE=0 AND NODE_GROUPS='' AND IS_ACTIVE=1
INSERT INTO TASKS_AUX_WORKERS VALUES(0,'0, 1000','2023-01-10 17:10:39.339000',0,'',1)
COMMIT
DELETE FROM TASKS_AUX_SCHEDULER WHERE ID='scheduler' AND LAST_ACTIVITY_TS='2023-01-10 17:10:29.329' AND VERSION=4
INSERT INTO TASKS_AUX_SCHEDULER VALUES('scheduler','2023-01-10 17:10:39.341',4)
COMMIT
DELETE FROM TASKS_AUX_WORKERS WHERE ID=0 AND RANGES='0, 1000' AND HEALTH_CHECK='2023-01-10 17:10:39.339000' AND EXCLUSIVE_MODE=0 AND NODE_GROUPS='' AND IS_ACTIVE=1
INSERT INTO TASKS_AUX_WORKERS VALUES(0,'0, 1000','2023-01-10 17:10:39.339000',0,'',1)
COMMIT
/*C4*/DELETE FROM TASKS_AUX_WORKERS WHERE ID=0 AND RANGES='0, 1000' AND HEALTH_CHECK='2023-01-10 17:10:39.339000' AND EXCLUSIVE_MODE=0 AND NODE_GROUPS='' AND IS_ACTIVE=1
INSERT INTO TASKS_AUX_WORKERS VALUES(0,'0, 1000','2023-01-10 17:10:49.354000',0,'',1)
COMMIT
DELETE FROM TASKS_AUX_SCHEDULER WHERE ID='scheduler' AND LAST_ACTIVITY_TS='2023-01-10 17:10:39.341' AND VERSION=4
INSERT INTO TASKS_AUX_SCHEDULER VALUES('scheduler','2023-01-10 17:10:49.355',4)
COMMIT
DELETE FROM TASKS_AUX_WORKERS WHERE ID=0 AND RANGES='0, 1000' AND HEALTH_CHECK='2023-01-10 17:10:49.354000' AND EXCLUSIVE_MODE=0 AND NODE_GROUPS='' AND IS_ACTIVE=1
INSERT INTO TASKS_AUX_WORKERS VALUES(0,'0, 1000','2023-01-10 17:10:49.354000',0,'',1)
COMMIT
/*C24*/DELETE FROM TASKS_AUX_WORKERS WHERE ID=0 AND RANGES='0, 1000' AND HEALTH_CHECK='2023-01-10 17:10:49.354000' AND EXCLUSIVE_MODE=0 AND NODE_GROUPS='' AND IS_ACTIVE=1
INSERT INTO TASKS_AUX_WORKERS VALUES(0,'0, 1000','2023-01-10 17:10:59.363000',0,'',1)
COMMIT
DELETE FROM TASKS_AUX_SCHEDULER WHERE ID='scheduler' AND LAST_ACTIVITY_TS='2023-01-10 17:10:49.355' AND VERSION=4
INSERT INTO TASKS_AUX_SCHEDULER VALUES('scheduler','2023-01-10 17:10:59.364',4)
COMMIT
DELETE FROM TASKS_AUX_WORKERS WHERE ID=0 AND RANGES='0, 1000' AND HEALTH_CHECK='2023-01-10 17:10:59.363000' AND EXCLUSIVE_MODE=0 AND NODE_GROUPS='' AND IS_ACTIVE=1
INSERT INTO TASKS_AUX_WORKERS VALUES(0,'0, 1000','2023-01-10 17:10:59.363000',0,'',1)
COMMIT
